<?xml version="1.0" encoding="UTF-8"?>
<!-- Generated by org.testng.reporters.JUnitReportReporter -->
<testsuite hostname="DESKTOP-2SKV5CV" failures="0" tests="2" name="testNGKeyWords.EnableUse" time="0.047" errors="0" timestamp="2022-06-23T12:35:38 IST" skipped="1">
  <testcase classname="testNGKeyWords.EnableUse" name="v" time="0.047"/>
  <system-out>
    <![CDATA[v is running]]>
  </system-out>
  <testcase classname="testNGKeyWords.EnableUse" name="a">
    <skipped/>
  </testcase> <!-- a -->
  <system-out/>
</testsuite> <!-- testNGKeyWords.EnableUse -->
