<?xml version="1.0" encoding="UTF-8"?>
<!-- Generated by org.testng.reporters.JUnitReportReporter -->
<testsuite hostname="DESKTOP-2SKV5CV" failures="0" tests="1" name="parallelAndSerialExecution.MyClass2" time="20.690" errors="0" timestamp="2022-06-24T14:05:49 IST" skipped="0">
  <testcase classname="parallelAndSerialExecution.MyClass2" name="myMethod" time="20.690"/>
  <system-out/>
</testsuite> <!-- parallelAndSerialExecution.MyClass2 -->
