<?xml version="1.0" encoding="UTF-8"?>
<!-- Generated by org.testng.reporters.JUnitReportReporter -->
<testsuite hostname="DESKTOP-2SKV5CV" failures="0" tests="1" name="testNG_Study.MyTestClass" time="10.130" errors="0" timestamp="2022-06-21T14:02:03 IST" skipped="0">
  <testcase classname="testNG_Study.MyTestClass" name="myMethod" time="10.130"/>
  <system-out>
    <![CDATA[Hi method is running this is reporter output]]>
  </system-out>
</testsuite> <!-- testNG_Study.MyTestClass -->
