<?xml version="1.0" encoding="UTF-8"?>
<!-- Generated by org.testng.reporters.JUnitReportReporter -->
<testsuite hostname="DESKTOP-2SKV5CV" failures="0" tests="1" name="testNG_Study.AnnoTationStudyTestTest1" time="0.048" errors="0" timestamp="2022-06-22T12:20:42 IST" skipped="0">
  <testcase classname="testNG_Study.AnnoTationStudyTestTest1" name="rechargePhone" time="0.048"/>
  <system-out>
    <![CDATA[recharge done]]>
  </system-out>
</testsuite> <!-- testNG_Study.AnnoTationStudyTestTest1 -->
