<?xml version="1.0" encoding="UTF-8"?>
<!-- Generated by org.testng.reporters.JUnitReportReporter -->
<testsuite hostname="DESKTOP-2SKV5CV" failures="0" tests="1" name="verificationUsingTestNG.MultipleVerification" time="0.047" errors="0" timestamp="2022-06-28T13:55:31 IST" skipped="0">
  <testcase classname="verificationUsingTestNG.MultipleVerification" name="myMethod" time="0.047"/>
  <system-out/>
</testsuite> <!-- verificationUsingTestNG.MultipleVerification -->
