<?xml version="1.0" encoding="UTF-8"?>
<!-- Generated by org.testng.reporters.JUnitReportReporter -->
<testsuite hostname="DESKTOP-2SKV5CV" failures="0" tests="3" name="testNGKeyWords.PriorityUse" time="0.117" errors="0" timestamp="2022-06-23T12:12:54 IST" skipped="0">
  <testcase classname="testNGKeyWords.PriorityUse" name="d" time="0.054"/>
  <system-out>
    <![CDATA[d is running]]>
  </system-out>
  <testcase classname="testNGKeyWords.PriorityUse" name="v" time="0.037"/>
  <system-out>
    <![CDATA[v is running]]>
  </system-out>
  <testcase classname="testNGKeyWords.PriorityUse" name="a" time="0.026"/>
  <system-out>
    <![CDATA[a is running]]>
  </system-out>
</testsuite> <!-- testNGKeyWords.PriorityUse -->
