<?xml version="1.0" encoding="UTF-8"?>
<!-- Generated by org.testng.reporters.JUnitReportReporter -->
<testsuite hostname="DESKTOP-2SKV5CV" failures="0" tests="3" name="testNGKeyWords.InvocationCountUse" time="0.077" errors="0" timestamp="2022-06-22T12:32:56 IST" skipped="0">
  <testcase classname="testNGKeyWords.InvocationCountUse" name="myTest" time="0.038"/>
  <system-out>
    <![CDATA[Hello]]>
  </system-out>
  <testcase classname="testNGKeyWords.InvocationCountUse" name="myTest" time="0.027"/>
  <system-out>
    <![CDATA[Hello]]>
  </system-out>
  <testcase classname="testNGKeyWords.InvocationCountUse" name="myTest" time="0.012"/>
  <system-out>
    <![CDATA[Hello]]>
  </system-out>
</testsuite> <!-- testNGKeyWords.InvocationCountUse -->
