<?xml version="1.0" encoding="UTF-8"?>
<!-- Generated by org.testng.reporters.JUnitReportReporter -->
<testsuite hostname="DESKTOP-2SKV5CV" failures="0" tests="2" name="testNGKeyWords.DependsOnMethodUse" time="0.024" errors="0" timestamp="2022-06-23T12:35:38 IST" skipped="0">
  <testcase classname="testNGKeyWords.DependsOnMethodUse" name="a" time="0.014"/>
  <system-out>
    <![CDATA[a is running]]>
  </system-out>
  <testcase classname="testNGKeyWords.DependsOnMethodUse" name="d" time="0.010"/>
  <system-out>
    <![CDATA[d is running]]>
  </system-out>
</testsuite> <!-- testNGKeyWords.DependsOnMethodUse -->
