<?xml version="1.0" encoding="UTF-8"?>
<!-- Generated by org.testng.reporters.JUnitReportReporter -->
<testsuite hostname="DESKTOP-2SKV5CV" failures="0" tests="1" name="verificationUsingTestNG.AssertEqualsUse" time="0.089" errors="0" timestamp="2022-06-28T13:44:04 IST" skipped="0">
  <testcase classname="verificationUsingTestNG.AssertEqualsUse" name="myMethod" time="0.089"/>
  <system-out>
    <![CDATA[a and b values are not matching Tc passed]]>
  </system-out>
</testsuite> <!-- verificationUsingTestNG.AssertEqualsUse -->
