<?xml version="1.0" encoding="UTF-8"?>
<!-- Generated by org.testng.reporters.JUnitReportReporter -->
<testsuite hostname="DESKTOP-2SKV5CV" failures="0" tests="1" name="kiteTest.ValidateKiteUserIDUsingProperty" time="7.699" errors="0" timestamp="2022-07-01T12:31:44 IST" skipped="0">
  <testcase classname="kiteTest.ValidateKiteUserIDUsingProperty" name="validateUserID" time="7.699"/>
  <system-out/>
</testsuite> <!-- kiteTest.ValidateKiteUserIDUsingProperty -->
