<?xml version="1.0" encoding="UTF-8"?>
<!-- Generated by org.testng.reporters.JUnitReportReporter -->
<testsuite hostname="DESKTOP-2SKV5CV" failures="0" tests="1" name="kitePOMUsingTestNG.ValidateKiteAppUserName" time="9.132" errors="0" timestamp="2022-06-30T17:00:54 IST" skipped="0">
  <testcase classname="kitePOMUsingTestNG.ValidateKiteAppUserName" name="validateUserName" time="9.132"/>
  <system-out>
    <![CDATA[Validating username
Actual n Expected UN are matching Tc passed]]>
  </system-out>
</testsuite> <!-- kitePOMUsingTestNG.ValidateKiteAppUserName -->
