<?xml version="1.0" encoding="UTF-8"?>
<!-- Generated by org.testng.reporters.JUnitReportReporter -->
<testsuite hostname="DESKTOP-2SKV5CV" failures="0" tests="2" name="testNG_grouping.MyTestClass2" time="0.089" errors="0" timestamp="2022-06-24T13:23:13 IST" skipped="0">
  <testcase classname="testNG_grouping.MyTestClass2" name="p" time="0.073"/>
  <system-out>
    <![CDATA[p is running sanity]]>
  </system-out>
  <testcase classname="testNG_grouping.MyTestClass2" name="r" time="0.016"/>
  <system-out>
    <![CDATA[r is running sanity]]>
  </system-out>
</testsuite> <!-- testNG_grouping.MyTestClass2 -->
