<?xml version="1.0" encoding="UTF-8"?>
<!-- Generated by org.testng.reporters.JUnitReportReporter -->
<testsuite hostname="DESKTOP-2SKV5CV" failures="0" tests="1" name="kiteTest.ValidateKiteUserID" time="14.269" errors="0" timestamp="2022-06-30T17:37:24 IST" skipped="0">
  <testcase classname="kiteTest.ValidateKiteUserID" name="validateUserID" time="14.269"/>
  <system-out/>
</testsuite> <!-- kiteTest.ValidateKiteUserID -->
