<?xml version="1.0" encoding="UTF-8"?>
<!-- Generated by org.testng.reporters.JUnitReportReporter -->
<testsuite hostname="DESKTOP-2SKV5CV" failures="0" tests="1" name="testNG_grouping.MyTestClass1" time="0.015" errors="0" timestamp="2022-06-24T13:23:13 IST" skipped="0">
  <testcase classname="testNG_grouping.MyTestClass1" name="c" time="0.015"/>
  <system-out>
    <![CDATA[c is running sanity]]>
  </system-out>
</testsuite> <!-- testNG_grouping.MyTestClass1 -->
